{"/Users/mgm793/Documents/npmProjects/catalan-hours/src/transformDate/transformDate.js": {"path":"/Users/mgm793/Documents/npmProjects/catalan-hours/src/transformDate/transformDate.js","statementMap":{"0":{"start":{"line":14,"column":2},"end":{"line":18,"column":4}}},"fnMap":{"0":{"name":"transformDate","decl":{"start":{"line":13,"column":16},"end":{"line":13,"column":29}},"loc":{"start":{"line":13,"column":36},"end":{"line":19,"column":1}},"line":13}},"branchMap":{},"s":{"0":1},"f":{"0":1},"b":{},"_coverageSchema":"1a1c01bbd47fc00a2c39e90264f33305004495a9","hash":"5b0c12e76bb7fd2b66563c8c6367c5aa73e3840f"}
}
