{"/Users/mgm793/Documents/npmProjects/catalan-hours/src/changeTo12hoursFormat/changeTo12hoursFormat.js": {"path":"/Users/mgm793/Documents/npmProjects/catalan-hours/src/changeTo12hoursFormat/changeTo12hoursFormat.js","statementMap":{"0":{"start":{"line":7,"column":2},"end":{"line":7,"column":29}}},"fnMap":{"0":{"name":"changeTo12hoursFormat","decl":{"start":{"line":6,"column":16},"end":{"line":6,"column":37}},"loc":{"start":{"line":6,"column":44},"end":{"line":8,"column":1}},"line":6}},"branchMap":{"0":{"loc":{"start":{"line":7,"column":9},"end":{"line":7,"column":28}},"type":"binary-expr","locations":[{"start":{"line":7,"column":10},"end":{"line":7,"column":21}},{"start":{"line":7,"column":26},"end":{"line":7,"column":28}}],"line":7}},"s":{"0":27},"f":{"0":27},"b":{"0":[27,8]},"_coverageSchema":"1a1c01bbd47fc00a2c39e90264f33305004495a9","hash":"7723521c593aef03e8e582c6eebc9609b8c6744d"}
,"/Users/mgm793/Documents/npmProjects/catalan-hours/src/changeTo12hoursFormat/index.js": {"path":"/Users/mgm793/Documents/npmProjects/catalan-hours/src/changeTo12hoursFormat/index.js","statementMap":{},"fnMap":{},"branchMap":{},"s":{},"f":{},"b":{},"_coverageSchema":"1a1c01bbd47fc00a2c39e90264f33305004495a9","hash":"991e7a05d8633003eeb726ac9b0ea949a5543c46"}
,"/Users/mgm793/Documents/npmProjects/catalan-hours/src/constants/fractions.js": {"path":"/Users/mgm793/Documents/npmProjects/catalan-hours/src/constants/fractions.js","statementMap":{"0":{"start":{"line":1,"column":25},"end":{"line":5,"column":1}}},"fnMap":{},"branchMap":{},"s":{"0":1},"f":{},"b":{},"_coverageSchema":"1a1c01bbd47fc00a2c39e90264f33305004495a9","hash":"aa0733611d9350cbb8673ecab527aa2016f68ed2"}
,"/Users/mgm793/Documents/npmProjects/catalan-hours/src/constants/hours.js": {"path":"/Users/mgm793/Documents/npmProjects/catalan-hours/src/constants/hours.js","statementMap":{"0":{"start":{"line":1,"column":21},"end":{"line":14,"column":1}}},"fnMap":{},"branchMap":{},"s":{"0":1},"f":{},"b":{},"_coverageSchema":"1a1c01bbd47fc00a2c39e90264f33305004495a9","hash":"66a4bb1e29ea550cb7b798786e9ed3bfa6672b35"}
,"/Users/mgm793/Documents/npmProjects/catalan-hours/src/constants/index.js": {"path":"/Users/mgm793/Documents/npmProjects/catalan-hours/src/constants/index.js","statementMap":{},"fnMap":{},"branchMap":{},"s":{},"f":{},"b":{},"_coverageSchema":"1a1c01bbd47fc00a2c39e90264f33305004495a9","hash":"be5686b8fc57169a9c67b10b29d892911454b56d"}
,"/Users/mgm793/Documents/npmProjects/catalan-hours/src/constants/numbers.js": {"path":"/Users/mgm793/Documents/npmProjects/catalan-hours/src/constants/numbers.js","statementMap":{"0":{"start":{"line":1,"column":23},"end":{"line":9,"column":1}}},"fnMap":{},"branchMap":{},"s":{"0":1},"f":{},"b":{},"_coverageSchema":"1a1c01bbd47fc00a2c39e90264f33305004495a9","hash":"e9bb7e8ed4164600238088cb13890a761695418d"}
,"/Users/mgm793/Documents/npmProjects/catalan-hours/src/getHourArticle/getHourArticle.js": {"path":"/Users/mgm793/Documents/npmProjects/catalan-hours/src/getHourArticle/getHourArticle.js","statementMap":{"0":{"start":{"line":7,"column":2},"end":{"line":7,"column":30}},"1":{"start":{"line":7,"column":17},"end":{"line":7,"column":30}},"2":{"start":{"line":8,"column":2},"end":{"line":8,"column":14}}},"fnMap":{"0":{"name":"getHourArticle","decl":{"start":{"line":6,"column":16},"end":{"line":6,"column":30}},"loc":{"start":{"line":6,"column":38},"end":{"line":9,"column":1}},"line":6}},"branchMap":{"0":{"loc":{"start":{"line":7,"column":2},"end":{"line":7,"column":30}},"type":"if","locations":[{"start":{"line":7,"column":2},"end":{"line":7,"column":30}},{"start":{"line":7,"column":2},"end":{"line":7,"column":30}}],"line":7}},"s":{"0":4,"1":2,"2":2},"f":{"0":4},"b":{"0":[2,2]},"_coverageSchema":"1a1c01bbd47fc00a2c39e90264f33305004495a9","hash":"f0942fca7bc7adf2d59645dc31fe73b878408e19"}
,"/Users/mgm793/Documents/npmProjects/catalan-hours/src/getHourPrep/getHourPrep.js": {"path":"/Users/mgm793/Documents/npmProjects/catalan-hours/src/getHourPrep/getHourPrep.js","statementMap":{"0":{"start":{"line":7,"column":2},"end":{"line":7,"column":43}},"1":{"start":{"line":7,"column":30},"end":{"line":7,"column":43}},"2":{"start":{"line":8,"column":2},"end":{"line":8,"column":15}}},"fnMap":{"0":{"name":"getHourPrep","decl":{"start":{"line":6,"column":16},"end":{"line":6,"column":27}},"loc":{"start":{"line":6,"column":34},"end":{"line":9,"column":1}},"line":6}},"branchMap":{"0":{"loc":{"start":{"line":7,"column":2},"end":{"line":7,"column":43}},"type":"if","locations":[{"start":{"line":7,"column":2},"end":{"line":7,"column":43}},{"start":{"line":7,"column":2},"end":{"line":7,"column":43}}],"line":7}},"s":{"0":24,"1":7,"2":17},"f":{"0":24},"b":{"0":[7,17]},"_coverageSchema":"1a1c01bbd47fc00a2c39e90264f33305004495a9","hash":"8d3b1b4cbde9d61666360571d1610e1a4a270d50"}
,"/Users/mgm793/Documents/npmProjects/catalan-hours/src/getHourPrep/index.js": {"path":"/Users/mgm793/Documents/npmProjects/catalan-hours/src/getHourPrep/index.js","statementMap":{},"fnMap":{},"branchMap":{},"s":{},"f":{},"b":{},"_coverageSchema":"1a1c01bbd47fc00a2c39e90264f33305004495a9","hash":"c7ed2908940230cbff737b172b1d588ecdc9e6a2"}
,"/Users/mgm793/Documents/npmProjects/catalan-hours/src/toCatalan/toCatalan.js": {"path":"/Users/mgm793/Documents/npmProjects/catalan-hours/src/toCatalan/toCatalan.js","statementMap":{"0":{"start":{"line":20,"column":2},"end":{"line":23,"column":3}},"1":{"start":{"line":21,"column":17},"end":{"line":21,"column":45}},"2":{"start":{"line":22,"column":4},"end":{"line":22,"column":70}},"3":{"start":{"line":24,"column":18},"end":{"line":24,"column":42}},"4":{"start":{"line":25,"column":19},"end":{"line":25,"column":51}},"5":{"start":{"line":26,"column":29},"end":{"line":26,"column":51}},"6":{"start":{"line":27,"column":20},"end":{"line":27,"column":74}},"7":{"start":{"line":28,"column":23},"end":{"line":28,"column":67}},"8":{"start":{"line":29,"column":2},"end":{"line":31,"column":3}},"9":{"start":{"line":30,"column":4},"end":{"line":30,"column":61}},"10":{"start":{"line":32,"column":2},"end":{"line":38,"column":3}},"11":{"start":{"line":33,"column":21},"end":{"line":36,"column":31}},"12":{"start":{"line":37,"column":4},"end":{"line":37,"column":72}},"13":{"start":{"line":39,"column":18},"end":{"line":42,"column":12}},"14":{"start":{"line":43,"column":2},"end":{"line":43,"column":52}},"15":{"start":{"line":44,"column":2},"end":{"line":44,"column":75}},"16":{"start":{"line":45,"column":2},"end":{"line":45,"column":69}}},"fnMap":{"0":{"name":"toCatalan","decl":{"start":{"line":19,"column":16},"end":{"line":19,"column":25}},"loc":{"start":{"line":19,"column":44},"end":{"line":46,"column":1}},"line":19}},"branchMap":{"0":{"loc":{"start":{"line":20,"column":2},"end":{"line":23,"column":3}},"type":"if","locations":[{"start":{"line":20,"column":2},"end":{"line":23,"column":3}},{"start":{"line":20,"column":2},"end":{"line":23,"column":3}}],"line":20},"1":{"loc":{"start":{"line":27,"column":23},"end":{"line":27,"column":71}},"type":"cond-expr","locations":[{"start":{"line":27,"column":37},"end":{"line":27,"column":53}},{"start":{"line":27,"column":56},"end":{"line":27,"column":71}}],"line":27},"2":{"loc":{"start":{"line":29,"column":2},"end":{"line":31,"column":3}},"type":"if","locations":[{"start":{"line":29,"column":2},"end":{"line":31,"column":3}},{"start":{"line":29,"column":2},"end":{"line":31,"column":3}}],"line":29},"3":{"loc":{"start":{"line":32,"column":2},"end":{"line":38,"column":3}},"type":"if","locations":[{"start":{"line":32,"column":2},"end":{"line":38,"column":3}},{"start":{"line":32,"column":2},"end":{"line":38,"column":3}}],"line":32},"4":{"loc":{"start":{"line":33,"column":24},"end":{"line":33,"column":63}},"type":"cond-expr","locations":[{"start":{"line":33,"column":45},"end":{"line":33,"column":53}},{"start":{"line":33,"column":56},"end":{"line":33,"column":63}}],"line":33},"5":{"loc":{"start":{"line":35,"column":9},"end":{"line":35,"column":48}},"type":"cond-expr","locations":[{"start":{"line":35,"column":30},"end":{"line":35,"column":38}},{"start":{"line":35,"column":41},"end":{"line":35,"column":48}}],"line":35},"6":{"loc":{"start":{"line":39,"column":21},"end":{"line":39,"column":61}},"type":"cond-expr","locations":[{"start":{"line":39,"column":43},"end":{"line":39,"column":51}},{"start":{"line":39,"column":54},"end":{"line":39,"column":61}}],"line":39},"7":{"loc":{"start":{"line":41,"column":9},"end":{"line":41,"column":49}},"type":"cond-expr","locations":[{"start":{"line":41,"column":31},"end":{"line":41,"column":39}},{"start":{"line":41,"column":42},"end":{"line":41,"column":49}}],"line":41},"8":{"loc":{"start":{"line":44,"column":19},"end":{"line":44,"column":71}},"type":"cond-expr","locations":[{"start":{"line":44,"column":37},"end":{"line":44,"column":53}},{"start":{"line":44,"column":56},"end":{"line":44,"column":71}}],"line":44}},"s":{"0":11,"1":2,"2":2,"3":9,"4":9,"5":9,"6":9,"7":9,"8":9,"9":3,"10":6,"11":3,"12":3,"13":3,"14":3,"15":3,"16":3},"f":{"0":11},"b":{"0":[2,9],"1":[5,4],"2":[3,6],"3":[3,3],"4":[2,1],"5":[2,1],"6":[2,1],"7":[2,1],"8":[2,1]},"_coverageSchema":"1a1c01bbd47fc00a2c39e90264f33305004495a9","hash":"aacc86acaf0f99bb98facc7feca2ee32b85f7dd2"}
,"/Users/mgm793/Documents/npmProjects/catalan-hours/src/transformDate/transformDate.js": {"path":"/Users/mgm793/Documents/npmProjects/catalan-hours/src/transformDate/transformDate.js","statementMap":{"0":{"start":{"line":13,"column":2},"end":{"line":16,"column":4}}},"fnMap":{"0":{"name":"transformDate","decl":{"start":{"line":12,"column":16},"end":{"line":12,"column":29}},"loc":{"start":{"line":12,"column":36},"end":{"line":17,"column":1}},"line":12}},"branchMap":{},"s":{"0":1},"f":{"0":1},"b":{},"_coverageSchema":"1a1c01bbd47fc00a2c39e90264f33305004495a9","hash":"c30cf71923bcdb1fd5680acd97dc34be5fe3f3d0"}
}
