TN:
SF:src/changeTo12hoursFormat/changeTo12hoursFormat.js
FN:6,changeTo12hoursFormat
FNF:1
FNH:1
FNDA:27,changeTo12hoursFormat
DA:7,27
LF:1
LH:1
BRDA:7,0,0,27
BRDA:7,0,1,8
BRF:2
BRH:2
end_of_record
TN:
SF:src/changeTo12hoursFormat/index.js
FNF:0
FNH:0
LF:0
LH:0
BRF:0
BRH:0
end_of_record
TN:
SF:src/constants/fractions.js
FNF:0
FNH:0
DA:1,1
LF:1
LH:1
BRF:0
BRH:0
end_of_record
TN:
SF:src/constants/hours.js
FNF:0
FNH:0
DA:1,1
LF:1
LH:1
BRF:0
BRH:0
end_of_record
TN:
SF:src/constants/index.js
FNF:0
FNH:0
LF:0
LH:0
BRF:0
BRH:0
end_of_record
TN:
SF:src/constants/numbers.js
FNF:0
FNH:0
DA:1,1
LF:1
LH:1
BRF:0
BRH:0
end_of_record
TN:
SF:src/getHourArticle/getHourArticle.js
FN:6,getHourArticle
FNF:1
FNH:1
FNDA:4,getHourArticle
DA:7,4
DA:8,2
LF:2
LH:2
BRDA:7,0,0,2
BRDA:7,0,1,2
BRF:2
BRH:2
end_of_record
TN:
SF:src/getHourPrep/getHourPrep.js
FN:6,getHourPrep
FNF:1
FNH:1
FNDA:24,getHourPrep
DA:7,24
DA:8,17
LF:2
LH:2
BRDA:7,0,0,7
BRDA:7,0,1,17
BRF:2
BRH:2
end_of_record
TN:
SF:src/getHourPrep/index.js
FNF:0
FNH:0
LF:0
LH:0
BRF:0
BRH:0
end_of_record
TN:
SF:src/toCatalan/toCatalan.js
FN:19,toCatalan
FNF:1
FNH:1
FNDA:11,toCatalan
DA:20,11
DA:21,2
DA:22,2
DA:24,9
DA:25,9
DA:26,9
DA:27,9
DA:28,9
DA:29,9
DA:30,3
DA:32,6
DA:33,3
DA:37,3
DA:39,3
DA:43,3
DA:44,3
DA:45,3
LF:17
LH:17
BRDA:20,0,0,2
BRDA:20,0,1,9
BRDA:27,1,0,5
BRDA:27,1,1,4
BRDA:29,2,0,3
BRDA:29,2,1,6
BRDA:32,3,0,3
BRDA:32,3,1,3
BRDA:33,4,0,2
BRDA:33,4,1,1
BRDA:35,5,0,2
BRDA:35,5,1,1
BRDA:39,6,0,2
BRDA:39,6,1,1
BRDA:41,7,0,2
BRDA:41,7,1,1
BRDA:44,8,0,2
BRDA:44,8,1,1
BRF:18
BRH:18
end_of_record
TN:
SF:src/transformDate/transformDate.js
FN:12,transformDate
FNF:1
FNH:1
FNDA:1,transformDate
DA:13,1
LF:1
LH:1
BRF:0
BRH:0
end_of_record
